<?xml version="1.0" encoding="UTF-8"?>
<testng-results skipped="0" failed="0" total="2" passed="2">
  <reporter-output>
  </reporter-output>
  <suite name="SeleniumOne.SeleniumOne.UserDefinedTest" duration-ms="36967" started-at="2018-03-14T12:06:07Z" finished-at="2018-03-14T12:06:44Z">
    <groups>
    </groups>
    <test name="Command line test" duration-ms="36967" started-at="2018-03-14T12:06:07Z" finished-at="2018-03-14T12:06:44Z">
      <class name="SeleniumOne.SeleniumOne.UserDefinedTest">
        <test-method status="PASS" signature="first()" name="first" duration-ms="36958" started-at="2018-03-14T12:06:07Z" finished-at="2018-03-14T12:06:44Z">
        </test-method>
        <test-method status="PASS" signature="second()" name="second" duration-ms="0" started-at="2018-03-14T12:06:44Z" finished-at="2018-03-14T12:06:44Z">
        </test-method>
      </class>
    </test>
  </suite>
</testng-results>
